Determining if the pthread_create exist failed with the following output:
Change Dir: /home/eric/turtlebutler/build/CMakeFiles/CMakeTmp

Run Build Command:"/usr/bin/make" "cmTC_ea798/fast"
/usr/bin/make -f CMakeFiles/cmTC_ea798.dir/build.make CMakeFiles/cmTC_ea798.dir/build
make[1]: Entering directory '/home/eric/turtlebutler/build/CMakeFiles/CMakeTmp'
Building C object CMakeFiles/cmTC_ea798.dir/CheckSymbolExists.c.o
/usr/bin/cc     -o CMakeFiles/cmTC_ea798.dir/CheckSymbolExists.c.o   -c /home/eric/turtlebutler/build/CMakeFiles/CMakeTmp/CheckSymbolExists.c
Linking C executable cmTC_ea798
/usr/bin/cmake -E cmake_link_script CMakeFiles/cmTC_ea798.dir/link.txt --verbose=1
/usr/bin/cc       CMakeFiles/cmTC_ea798.dir/CheckSymbolExists.c.o  -o cmTC_ea798 -rdynamic 
CMakeFiles/cmTC_ea798.dir/CheckSymbolExists.c.o: In function `main':
CheckSymbolExists.c:(.text+0x16): undefined reference to `pthread_create'
collect2: error: ld returned 1 exit status
CMakeFiles/cmTC_ea798.dir/build.make:97: recipe for target 'cmTC_ea798' failed
make[1]: *** [cmTC_ea798] Error 1
make[1]: Leaving directory '/home/eric/turtlebutler/build/CMakeFiles/CMakeTmp'
Makefile:126: recipe for target 'cmTC_ea798/fast' failed
make: *** [cmTC_ea798/fast] Error 2

File /home/eric/turtlebutler/build/CMakeFiles/CMakeTmp/CheckSymbolExists.c:
/* */
#include <pthread.h>

int main(int argc, char** argv)
{
  (void)argv;
#ifndef pthread_create
  return ((int*)(&pthread_create))[argc];
#else
  (void)argc;
  return 0;
#endif
}

Determining if the function pthread_create exists in the pthreads failed with the following output:
Change Dir: /home/eric/turtlebutler/build/CMakeFiles/CMakeTmp

Run Build Command:"/usr/bin/make" "cmTC_68eb6/fast"
/usr/bin/make -f CMakeFiles/cmTC_68eb6.dir/build.make CMakeFiles/cmTC_68eb6.dir/build
make[1]: Entering directory '/home/eric/turtlebutler/build/CMakeFiles/CMakeTmp'
Building C object CMakeFiles/cmTC_68eb6.dir/CheckFunctionExists.c.o
/usr/bin/cc    -DCHECK_FUNCTION_EXISTS=pthread_create   -o CMakeFiles/cmTC_68eb6.dir/CheckFunctionExists.c.o   -c /usr/share/cmake-3.5/Modules/CheckFunctionExists.c
Linking C executable cmTC_68eb6
/usr/bin/cmake -E cmake_link_script CMakeFiles/cmTC_68eb6.dir/link.txt --verbose=1
/usr/bin/cc   -DCHECK_FUNCTION_EXISTS=pthread_create    CMakeFiles/cmTC_68eb6.dir/CheckFunctionExists.c.o  -o cmTC_68eb6 -rdynamic -lpthreads 
/usr/bin/ld: cannot find -lpthreads
collect2: error: ld returned 1 exit status
CMakeFiles/cmTC_68eb6.dir/build.make:97: recipe for target 'cmTC_68eb6' failed
make[1]: *** [cmTC_68eb6] Error 1
make[1]: Leaving directory '/home/eric/turtlebutler/build/CMakeFiles/CMakeTmp'
Makefile:126: recipe for target 'cmTC_68eb6/fast' failed
make: *** [cmTC_68eb6/fast] Error 2


